# JRE version: OpenJDK Runtime Environment (11.0+28) (build 11+28)
# Java VM: OpenJDK 64-Bit Server VM (11+28, mixed mode, tiered, compressed oops, g1 gc, linux-amd64)
Heap:
 garbage-first heap   total 152576K, used 100718K [0x0000000085600000, 0x0000000100000000)
  region size 1024K, 87 young (89088K), 10 survivors (10240K)
 Metaspace       used 61775K, capacity 63450K, committed 63772K, reserved 1103872K
  class space    used 8066K, capacity 8734K, committed 8828K, reserved 1048576K
GC Heap History (10 events):
Event: 0.902 GC heap before
{Heap before GC invocations=1 (full 0):
 garbage-first heap   total 126976K, used 76725K [0x0000000085600000, 0x0000000100000000)
  region size 1024K, 74 young (75776K), 1 survivors (1024K)
 Metaspace       used 19853K, capacity 20389K, committed 20608K, reserved 1067008K
  class space    used 2185K, capacity 2395K, committed 2432K, reserved 1048576K
}
Event: 0.908 GC heap after
{Heap after GC invocations=2 (full 0):
 garbage-first heap   total 126976K, used 7268K [0x0000000085600000, 0x0000000100000000)
  region size 1024K, 7 young (7168K), 7 survivors (7168K)
 Metaspace       used 19853K, capacity 20389K, committed 20608K, reserved 1067008K
  class space    used 2185K, capacity 2395K, committed 2432K, reserved 1048576K
}
Event: 0.928 GC heap before
{Heap before GC invocations=2 (full 0):
 garbage-first heap   total 126976K, used 10340K [0x0000000085600000, 0x0000000100000000)
  region size 1024K, 11 young (11264K), 7 survivors (7168K)
 Metaspace       used 20533K, capacity 21044K, committed 21248K, reserved 1069056K
  class space    used 2314K, capacity 2528K, committed 2560K, reserved 1048576K
}
Event: 0.933 GC heap after
{Heap after GC invocations=3 (full 0):
 garbage-first heap   total 126976K, used 7815K [0x0000000085600000, 0x0000000100000000)
  region size 1024K, 1 young (1024K), 1 survivors (1024K)
 Metaspace       used 20533K, capacity 21044K, committed 21248K, reserved 1069056K
  class space    used 2314K, capacity 2528K, committed 2560K, reserved 1048576K
}
Event: 3.776 GC heap before
{Heap before GC invocations=4 (full 0):
 garbage-first heap   total 126976K, used 56967K [0x0000000085600000, 0x0000000100000000)
  region size 1024K, 48 young (49152K), 1 survivors (1024K)
 Metaspace       used 34835K, capacity 35584K, committed 35964K, reserved 1081344K
  class space    used 4289K, capacity 4591K, committed 4732K, reserved 1048576K
}
Event: 3.780 GC heap after
{Heap after GC invocations=5 (full 0):
 garbage-first heap   total 126976K, used 13301K [0x0000000085600000, 0x0000000100000000)
  region size 1024K, 4 young (4096K), 4 survivors (4096K)
 Metaspace       used 34835K, capacity 35584K, committed 35964K, reserved 1081344K
  class space    used 4289K, capacity 4591K, committed 4732K, reserved 1048576K
}
Event: 4.848 GC heap before
{Heap before GC invocations=6 (full 0):
 garbage-first heap   total 126976K, used 84981K [0x0000000085600000, 0x0000000100000000)
  region size 1024K, 74 young (75776K), 4 survivors (4096K)
 Metaspace       used 50295K, capacity 51253K, committed 51836K, reserved 1093632K
  class space    used 6278K, capacity 6641K, committed 6780K, reserved 1048576K
}
Event: 4.859 GC heap after
{Heap after GC invocations=7 (full 0):
 garbage-first heap   total 126976K, used 18049K [0x0000000085600000, 0x0000000100000000)
  region size 1024K, 9 young (9216K), 9 survivors (9216K)
 Metaspace       used 50295K, capacity 51253K, committed 51836K, reserved 1093632K
  class space    used 6278K, capacity 6641K, committed 6780K, reserved 1048576K
}
Event: 8.760 GC heap before
{Heap before GC invocations=7 (full 0):
 garbage-first heap   total 126976K, used 60033K [0x0000000085600000, 0x0000000100000000)
  region size 1024K, 51 young (52224K), 9 survivors (9216K)
 Metaspace       used 58897K, capacity 60178K, committed 60368K, reserved 1101824K
  class space    used 7666K, capacity 8154K, committed 8188K, reserved 1048576K
}
Event: 8.768 GC heap after
{Heap after GC invocations=8 (full 0):
 garbage-first heap   total 152576K, used 22894K [0x0000000085600000, 0x0000000100000000)
  region size 1024K, 10 young (10240K), 10 survivors (10240K)
 Metaspace       used 58897K, capacity 60178K, committed 60368K, reserved 1101824K
  class space    used 7666K, capacity 8154K, committed 8188K, reserved 1048576K
}

